<?xml version="1.0" encoding="UTF-8"?>
<testng-results ignored="0" total="1" passed="1" failed="0" skipped="0">
  <reporter-output>
  </reporter-output>
  <suite started-at="2022-02-22T13:35:22 IST" name="Google" finished-at="2022-02-22T13:35:37 IST" duration-ms="14574">
    <groups>
    </groups>
    <test started-at="2022-02-22T13:35:22 IST" name="Google Test" finished-at="2022-02-22T13:35:37 IST" duration-ms="14574">
      <class name="com.googel_tastCase.Lang_001">
        <test-method is-config="true" signature="setup()[pri:0, instance:com.googel_tastCase.Lang_001@16293aa2]" started-at="2022-02-22T13:35:22 IST" name="setup" finished-at="2022-02-22T13:35:28 IST" duration-ms="6353" status="PASS">
          <reporter-output>
          </reporter-output>
        </test-method> <!-- setup -->
        <test-method signature="changeLang()[pri:0, instance:com.googel_tastCase.Lang_001@16293aa2]" started-at="2022-02-22T13:35:28 IST" name="changeLang" finished-at="2022-02-22T13:35:36 IST" duration-ms="7280" status="PASS">
          <reporter-output>
          </reporter-output>
        </test-method> <!-- changeLang -->
        <test-method is-config="true" signature="teardown()[pri:0, instance:com.googel_tastCase.Lang_001@16293aa2]" started-at="2022-02-22T13:35:36 IST" name="teardown" finished-at="2022-02-22T13:35:37 IST" duration-ms="845" status="PASS">
          <reporter-output>
          </reporter-output>
        </test-method> <!-- teardown -->
      </class> <!-- com.googel_tastCase.Lang_001 -->
    </test> <!-- Google Test -->
  </suite> <!-- Google -->
</testng-results>
